<?xml version="1.0" encoding="UTF-8"?>
<testng-results ignored="0" total="1" passed="1" failed="0" skipped="0">
  <reporter-output>
  </reporter-output>
  <suite started-at="2024-09-19T09:08:56 IST" name="Default suite" finished-at="2024-09-19T09:09:03 IST" duration-ms="7783">
    <groups>
    </groups>
    <test started-at="2024-09-19T09:08:56 IST" name="Default test" finished-at="2024-09-19T09:09:03 IST" duration-ms="7783">
      <class name="pack1.TestSetup">
        <test-method signature="open()[pri:0, instance:pack1.TestSetup@15aab8c6]" started-at="2024-09-19T09:08:56 IST" name="open" finished-at="2024-09-19T09:09:03 IST" duration-ms="7763" status="PASS">
          <reporter-output>
          </reporter-output>
        </test-method> <!-- open -->
      </class> <!-- pack1.TestSetup -->
    </test> <!-- Default test -->
  </suite> <!-- Default suite -->
</testng-results>
